Wed 20 Mar 2024 08:13:24 PM UTC: 
 tests:  0|4
total_score: 10/70
7629c82
Wed 20 Mar 2024 08:28:14 PM UTC: 
 exercises.c | 18 ++++++++++++++----
 1 file changed, 14 insertions(+), 4 deletions(-)
In file included from test.c:5:
exercises.c: In function ‘crea_lista’:
exercises.c:53:7: error: implicit declaration of function ‘push_back’; did you mean ‘pushBack’? [-Werror=implicit-function-declaration]
   53 |       push_back(lista, *d);
      |       ^~~~~~~~~
      |       pushBack
cc1: all warnings being treated as errors
Compilation failed
32212ea
Wed 20 Mar 2024 08:28:36 PM UTC: 
 exercises.c | 2 +-
 1 file changed, 1 insertion(+), 1 deletion(-)
In file included from test.c:5:
exercises.c: In function ‘crea_lista’:
exercises.c:53:23: error: passing argument 2 of ‘pushBack’ makes pointer from integer without a cast [-Werror=int-conversion]
   53 |       pushBack(lista, *d);
      |                       ^~
      |                       |
      |                       int
In file included from exercises.c:6,
                 from test.c:5:
arraylist.h:20:30: note: expected ‘void *’ but argument is of type ‘int’
   20 | void pushBack(List *L, void *dato);
      |                        ~~~~~~^~~~
cc1: all warnings being treated as errors
Compilation failed
9ceb4e8
Wed 20 Mar 2024 08:29:39 PM UTC: 
 exercises.c | 2 +-
 1 file changed, 1 insertion(+), 1 deletion(-)
In file included from test.c:5:
exercises.c: In function ‘crea_lista’:
exercises.c:49:8: error: expected expression before ‘int’
   49 |   for(*int i = 0; i < 10; i++)
      |        ^~~
exercises.c:49:19: error: ‘i’ undeclared (first use in this function)
   49 |   for(*int i = 0; i < 10; i++)
      |                   ^
exercises.c:49:19: note: each undeclared identifier is reported only once for each function it appears in
exercises.c:53:23: error: passing argument 2 of ‘pushBack’ makes pointer from integer without a cast [-Werror=int-conversion]
   53 |       pushBack(lista, *d);
      |                       ^~
      |                       |
      |                       int
In file included from exercises.c:6,
                 from test.c:5:
arraylist.h:20:30: note: expected ‘void *’ but argument is of type ‘int’
   20 | void pushBack(List *L, void *dato);
      |                        ~~~~~~^~~~
cc1: all warnings being treated as errors
Compilation failed
0cc0a20
Wed 20 Mar 2024 08:29:53 PM UTC: 
 exercises.c | 4 ++--
 1 file changed, 2 insertions(+), 2 deletions(-)
 tests:  0|5
total_score: 0/70
daf20fa
Wed 20 Mar 2024 08:39:02 PM UTC: 
 exercises.c | 11 +++++++++--
 1 file changed, 9 insertions(+), 2 deletions(-)
In file included from test.c:5:
exercises.c: In function ‘sumaLista’:
exercises.c:66:9: error: ‘L’ redeclared as different kind of symbol
   66 |   List* L = create_list();
      |         ^
exercises.c:64:21: note: previous definition of ‘L’ with type ‘List *’
   64 | int sumaLista(List *L)
      |               ~~~~~~^
exercises.c:72:10: error: returning ‘List *’ from a function with return type ‘int’ makes integer from pointer without a cast [-Werror=int-conversion]
   72 |   return L;
      |          ^
cc1: all warnings being treated as errors
Compilation failed
47a6c83
Wed 20 Mar 2024 08:39:32 PM UTC: 
 exercises.c | 2 +-
 1 file changed, 1 insertion(+), 1 deletion(-)
In file included from test.c:5:
exercises.c: In function ‘sumaLista’:
exercises.c:66:8: error: ‘L’ redeclared as different kind of symbol
   66 |   int* L = create_list();
      |        ^
exercises.c:64:21: note: previous definition of ‘L’ with type ‘List *’
   64 | int sumaLista(List *L)
      |               ~~~~~~^
exercises.c:66:12: error: initialization of ‘int *’ from incompatible pointer type ‘List *’ [-Werror=incompatible-pointer-types]
   66 |   int* L = create_list();
      |            ^~~~~~~~~~~
exercises.c:70:14: error: passing argument 1 of ‘pushBack’ from incompatible pointer type [-Werror=incompatible-pointer-types]
   70 |     pushBack(L, d++);
      |              ^
      |              |
      |              int *
In file included from exercises.c:6,
                 from test.c:5:
arraylist.h:20:21: note: expected ‘List *’ but argument is of type ‘int *’
   20 | void pushBack(List *L, void *dato);
      |               ~~~~~~^
In file included from test.c:5:
exercises.c:72:10: error: returning ‘int *’ from a function with return type ‘int’ makes integer from pointer without a cast [-Werror=int-conversion]
   72 |   return L;
      |          ^
cc1: all warnings being treated as errors
Compilation failed
5efc8f7
Wed 20 Mar 2024 08:41:14 PM UTC: 
 exercises.c | 5 ++---
 1 file changed, 2 insertions(+), 3 deletions(-)
In file included from test.c:5:
exercises.c: In function ‘sumaLista’:
exercises.c:65:8: error: ‘L’ redeclared as different kind of symbol
   65 |   int* L = create_list();
      |        ^
exercises.c:63:21: note: previous definition of ‘L’ with type ‘List *’
   63 | int sumaLista(List *L)
      |               ~~~~~~^
exercises.c:65:12: error: initialization of ‘int *’ from incompatible pointer type ‘List *’ [-Werror=incompatible-pointer-types]
   65 |   int* L = create_list();
      |            ^~~~~~~~~~~
exercises.c:69:14: error: passing argument 1 of ‘pushBack’ from incompatible pointer type [-Werror=incompatible-pointer-types]
   69 |     pushBack(L, d++);
      |              ^
      |              |
      |              int *
In file included from exercises.c:6,
                 from test.c:5:
arraylist.h:20:21: note: expected ‘List *’ but argument is of type ‘int *’
   20 | void pushBack(List *L, void *dato);
      |               ~~~~~~^
In file included from test.c:5:
exercises.c:71:10: error: returning ‘int *’ from a function with return type ‘int’ makes integer from pointer without a cast [-Werror=int-conversion]
   71 |   return L;
      |          ^
cc1: all warnings being treated as errors
Compilation failed
d9fd8d1
Wed 20 Mar 2024 08:41:43 PM UTC: 
 exercises.c | 4 ++--
 1 file changed, 2 insertions(+), 2 deletions(-)
In file included from test.c:6:
arraylist.c: In function ‘create_list’:
arraylist.c:15:34: error: invalid application of ‘sizeof’ to incomplete type ‘List’
   15 |   List* L = (List*)malloc(sizeof(List));
      |                                  ^~~~
arraylist.c:16:4: error: invalid use of incomplete typedef ‘List’
   16 |   L->current = 0;
      |    ^~
arraylist.c:17:4: error: invalid use of incomplete typedef ‘List’
   17 |   L->size = 0;
      |    ^~
arraylist.c: In function ‘first’:
arraylist.c:22:7: error: invalid use of incomplete typedef ‘List’
   22 |   if(L->size == 0) {
      |       ^~
arraylist.c:25:4: error: invalid use of incomplete typedef ‘List’
   25 |   L->current = 0;
      |    ^~
arraylist.c:26:11: error: invalid use of incomplete typedef ‘List’
   26 |   return L->data[L->current];
      |           ^~
arraylist.c:26:19: error: invalid use of incomplete typedef ‘List’
   26 |   return L->data[L->current];
      |                   ^~
arraylist.c: In function ‘next’:
arraylist.c:30:7: error: invalid use of incomplete typedef ‘List’
   30 |   if(L->current < L->size - 1) {
      |       ^~
arraylist.c:30:20: error: invalid use of incomplete typedef ‘List’
   30 |   if(L->current < L->size - 1) {
      |                    ^~
arraylist.c:31:6: error: invalid use of incomplete typedef ‘List’
   31 |     L->current++;
      |      ^~
arraylist.c:32:13: error: invalid use of incomplete typedef ‘List’
   32 |     return L->data[L->current];
      |             ^~
arraylist.c:32:21: error: invalid use of incomplete typedef ‘List’
   32 |     return L->data[L->current];
      |                     ^~
arraylist.c: In function ‘pushFront’:
arraylist.c:38:7: error: invalid use of incomplete typedef ‘List’
   38 |   if(L->size == 0) {
      |       ^~
arraylist.c:39:6: error: invalid use of incomplete typedef ‘List’
   39 |     L->data[0] = dato;
      |      ^~
arraylist.c:40:6: error: invalid use of incomplete typedef ‘List’
   40 |     L->size++;
      |      ^~
arraylist.c:43:16: error: invalid use of incomplete typedef ‘List’
   43 |   for(int i = L->size; i > 0; i--) {
      |                ^~
arraylist.c:44:6: error: invalid use of incomplete typedef ‘List’
   44 |     L->data[i] = L->data[i - 1];
      |      ^~
arraylist.c:44:19: error: invalid use of incomplete typedef ‘List’
   44 |     L->data[i] = L->data[i - 1];
      |                   ^~
arraylist.c:46:4: error: invalid use of incomplete typedef ‘List’
   46 |   L->data[0] = dato;
      |    ^~
arraylist.c:47:4: error: invalid use of incomplete typedef ‘List’
   47 |   L->size++;
      |    ^~
arraylist.c: In function ‘pushBack’:
arraylist.c:51:4: error: invalid use of incomplete typedef ‘List’
   51 |   L->data[L->size] = dato;
      |    ^~
arraylist.c:51:12: error: invalid use of incomplete typedef ‘List’
   51 |   L->data[L->size] = dato;
      |            ^~
arraylist.c:52:4: error: invalid use of incomplete typedef ‘List’
   52 |   L->size++;
      |    ^~
arraylist.c: In function ‘pushCurrent’:
arraylist.c:56:7: error: invalid use of incomplete typedef ‘List’
   56 |   if(L->size == 0) {
      |       ^~
arraylist.c:57:6: error: invalid use of incomplete typedef ‘List’
   57 |     L->data[0] = dato;
      |      ^~
arraylist.c:58:6: error: invalid use of incomplete typedef ‘List’
   58 |     L->size++;
      |      ^~
arraylist.c:61:16: error: invalid use of incomplete typedef ‘List’
   61 |   for(int i = L->size; i > L->current; i--) {
      |                ^~
arraylist.c:61:29: error: invalid use of incomplete typedef ‘List’
   61 |   for(int i = L->size; i > L->current; i--) {
      |                             ^~
arraylist.c:62:6: error: invalid use of incomplete typedef ‘List’
   62 |     L->data[i] = L->data[i - 1];
      |      ^~
arraylist.c:62:19: error: invalid use of incomplete typedef ‘List’
   62 |     L->data[i] = L->data[i - 1];
      |                   ^~
arraylist.c:64:4: error: invalid use of incomplete typedef ‘List’
   64 |   L->data[L->current + 1] = dato;
      |    ^~
arraylist.c:64:12: error: invalid use of incomplete typedef ‘List’
   64 |   L->data[L->current + 1] = dato;
      |            ^~
arraylist.c:65:4: error: invalid use of incomplete typedef ‘List’
   65 |   L->size++;
      |    ^~
arraylist.c: In function ‘popFront’:
arraylist.c:69:7: error: invalid use of incomplete typedef ‘List’
   69 |   if(L->size == 0) {
      |       ^~
arraylist.c:72:17: error: invalid use of incomplete typedef ‘List’
   72 |   void* dato = L->data[0];
      |                 ^~
arraylist.c:73:23: error: invalid use of incomplete typedef ‘List’
   73 |   for(int i = 0; i < L->size - 1; i++) {
      |                       ^~
arraylist.c:74:6: error: invalid use of incomplete typedef ‘List’
   74 |     L->data[i] = L->data[i + 1];
      |      ^~
arraylist.c:74:19: error: invalid use of incomplete typedef ‘List’
   74 |     L->data[i] = L->data[i + 1];
      |                   ^~
arraylist.c:76:4: error: invalid use of incomplete typedef ‘List’
   76 |   L->size--;
      |    ^~
arraylist.c: In function ‘popBack’:
arraylist.c:81:7: error: invalid use of incomplete typedef ‘List’
   81 |   if(L->size == 0) {
      |       ^~
arraylist.c:84:17: error: invalid use of incomplete typedef ‘List’
   84 |   void* dato = L->data[L->size - 1];
      |                 ^~
arraylist.c:84:25: error: invalid use of incomplete typedef ‘List’
   84 |   void* dato = L->data[L->size - 1];
      |                         ^~
arraylist.c:85:4: error: invalid use of incomplete typedef ‘List’
   85 |   L->size--;
      |    ^~
arraylist.c: In function ‘popCurrent’:
arraylist.c:90:7: error: invalid use of incomplete typedef ‘List’
   90 |   if(L->size == 0) {
      |       ^~
arraylist.c:93:17: error: invalid use of incomplete typedef ‘List’
   93 |   void* dato = L->data[L->current];
      |                 ^~
arraylist.c:93:25: error: invalid use of incomplete typedef ‘List’
   93 |   void* dato = L->data[L->current];
      |                         ^~
arraylist.c:94:16: error: invalid use of incomplete typedef ‘List’
   94 |   for(int i = L->current; i < L->size - 1; i++) {
      |                ^~
arraylist.c:94:32: error: invalid use of incomplete typedef ‘List’
   94 |   for(int i = L->current; i < L->size - 1; i++) {
      |                                ^~
arraylist.c:95:6: error: invalid use of incomplete typedef ‘List’
   95 |     L->data[i] = L->data[i + 1];
      |      ^~
arraylist.c:95:19: error: invalid use of incomplete typedef ‘List’
   95 |     L->data[i] = L->data[i + 1];
      |                   ^~
arraylist.c:97:4: error: invalid use of incomplete typedef ‘List’
   97 |   L->size--;
      |    ^~
arraylist.c:98:4: error: invalid use of incomplete typedef ‘List’
   98 |   L->current--;
      |    ^~
arraylist.c: In function ‘get_size’:
arraylist.c:103:11: error: invalid use of incomplete typedef ‘List’
  103 |   return L->size;
      |           ^~
test.c: In function ‘sumaLista’:
test.c:253:5: error: ‘main’ is normally a non-static function [-Werror=main]
  253 | int main( int argc, char *argv[] ) {
      |     ^~~~
test.c:271:1: error: expected declaration or statement at end of input
  271 | }
      | ^
test.c:272: error: control reaches end of non-void function [-Werror=return-type]
In file included from test.c:6:
arraylist.c: In function ‘first’:
arraylist.c:27:1: error: control reaches end of non-void function [-Werror=return-type]
   27 | }
      | ^
At top level:
test.c:253:5: error: ‘main’ defined but not used [-Werror=unused-function]
  253 | int main( int argc, char *argv[] ) {
      |     ^~~~
test.c:37:6: error: ‘info_msg’ defined but not used [-Werror=unused-function]
   37 | void info_msg(char* msg){
      |      ^~~~~~~~
In file included from test.c:6:
arraylist.c:102:5: error: ‘get_size’ defined but not used [-Werror=unused-function]
  102 | int get_size(List *L) {
      |     ^~~~~~~~
arraylist.c:89:7: error: ‘popCurrent’ defined but not used [-Werror=unused-function]
   89 | void* popCurrent(List *L) {
      |       ^~~~~~~~~~
arraylist.c:80:7: error: ‘popBack’ defined but not used [-Werror=unused-function]
   80 | void* popBack(List *L) {
      |       ^~~~~~~
arraylist.c:68:7: error: ‘popFront’ defined but not used [-Werror=unused-function]
   68 | void* popFront(List *L) {
      |       ^~~~~~~~
arraylist.c:55:6: error: ‘pushCurrent’ defined but not used [-Werror=unused-function]
   55 | void pushCurrent(List *L, void *dato) {
      |      ^~~~~~~~~~~
arraylist.c:37:6: error: ‘pushFront’ defined but not used [-Werror=unused-function]
   37 | void pushFront(List *L, void *dato) {
      |      ^~~~~~~~~
cc1: all warnings being treated as errors
Compilation failed
ef328ab
Wed 20 Mar 2024 08:42:19 PM UTC: 
 exercises.c | 4 ++--
 1 file changed, 2 insertions(+), 2 deletions(-)
In file included from test.c:5:
exercises.c: In function ‘sumaLista’:
exercises.c:72:1: error: control reaches end of non-void function [-Werror=return-type]
   72 | }
      | ^
cc1: all warnings being treated as errors
Compilation failed
6d74be3
Wed 20 Mar 2024 08:42:41 PM UTC: 
 exercises.c | 3 ++-
 1 file changed, 2 insertions(+), 1 deletion(-)
 tests:  1|4
total_score: 10/70
43c2522
Wed 20 Mar 2024 08:49:12 PM UTC: 
 exercises.c | 12 +++++++-----
 1 file changed, 7 insertions(+), 5 deletions(-)
In file included from test.c:5:
exercises.c: In function ‘sumaLista’:
exercises.c:65:9: error: ‘L’ redeclared as different kind of symbol
   65 |   List* L = create_list();
      |         ^
exercises.c:63:21: note: previous definition of ‘L’ with type ‘List *’
   63 | int sumaLista(List *L)
      |               ~~~~~~^
exercises.c:71:8: error: assignment to ‘int’ from ‘int *’ makes integer from pointer without a cast [-Werror=int-conversion]
   71 |     *d = (int*) next(L);
      |        ^
cc1: all warnings being treated as errors
Compilation failed
95d21fd
Wed 20 Mar 2024 08:49:48 PM UTC: 
 exercises.c | 8 ++++----
 1 file changed, 4 insertions(+), 4 deletions(-)
In file included from test.c:5:
exercises.c: In function ‘sumaLista’:
exercises.c:71:8: error: assignment to ‘int’ from ‘int *’ makes integer from pointer without a cast [-Werror=int-conversion]
   71 |     *d = (int*) next(lista);
      |        ^
cc1: all warnings being treated as errors
Compilation failed
18eba59
Wed 20 Mar 2024 08:52:52 PM UTC: 
 exercises.c | 7 +++++--
 1 file changed, 5 insertions(+), 2 deletions(-)
In file included from test.c:5:
exercises.c: In function ‘sumaLista’:
exercises.c:71:8: error: assignment to ‘int’ from ‘void *’ makes integer from pointer without a cast [-Werror=int-conversion]
   71 |     *d = next(lista);
      |        ^
exercises.c: In function ‘eliminaElementos’:
exercises.c:88:9: error: unused variable ‘lista’ [-Werror=unused-variable]
   88 |   List* lista = create_list();
      |         ^~~~~
cc1: all warnings being treated as errors
Compilation failed
5873e81
Wed 20 Mar 2024 08:54:05 PM UTC: 
 exercises.c | 4 +++-
 1 file changed, 3 insertions(+), 1 deletion(-)
In file included from test.c:5:
exercises.c: In function ‘sumaLista’:
exercises.c:71:8: error: assignment to ‘int’ from ‘int *’ makes integer from pointer without a cast [-Werror=int-conversion]
   71 |     *d = (int*) next(lista);
      |        ^
exercises.c: In function ‘eliminaElementos’:
exercises.c:89:8: error: unused variable ‘d’ [-Werror=unused-variable]
   89 |   int *d = (int*) first(lista);
      |        ^
cc1: all warnings being treated as errors
Compilation failed
e1ea2e6
Wed 20 Mar 2024 08:54:21 PM UTC: 
 exercises.c | 2 +-
 1 file changed, 1 insertion(+), 1 deletion(-)
In file included from test.c:5:
exercises.c: In function ‘eliminaElementos’:
exercises.c:89:8: error: unused variable ‘d’ [-Werror=unused-variable]
   89 |   int *d = (int*) first(lista);
      |        ^
cc1: all warnings being treated as errors
Compilation failed
71d4f83
Wed 20 Mar 2024 08:55:06 PM UTC: 
 exercises.c | 6 +++---
 1 file changed, 3 insertions(+), 3 deletions(-)
In file included from test.c:5:
exercises.c: In function ‘eliminaElementos’:
exercises.c:92:10: error: ‘return’ with a value, in function returning void [-Werror=return-type]
   92 |   return 0;
      |          ^
exercises.c:86:6: note: declared here
   86 | void eliminaElementos(List*L, int elem)
      |      ^~~~~~~~~~~~~~~~
cc1: all warnings being treated as errors
Compilation failed
2a58ac5
Wed 20 Mar 2024 08:59:05 PM UTC: 
 exercises.c | 11 +++++++----
 1 file changed, 7 insertions(+), 4 deletions(-)
In file included from test.c:6:
arraylist.c: In function ‘create_list’:
arraylist.c:15:34: error: invalid application of ‘sizeof’ to incomplete type ‘List’
   15 |   List* L = (List*)malloc(sizeof(List));
      |                                  ^~~~
arraylist.c:16:4: error: invalid use of incomplete typedef ‘List’
   16 |   L->current = 0;
      |    ^~
arraylist.c:17:4: error: invalid use of incomplete typedef ‘List’
   17 |   L->size = 0;
      |    ^~
arraylist.c: In function ‘first’:
arraylist.c:22:7: error: invalid use of incomplete typedef ‘List’
   22 |   if(L->size == 0) {
      |       ^~
arraylist.c:25:4: error: invalid use of incomplete typedef ‘List’
   25 |   L->current = 0;
      |    ^~
arraylist.c:26:11: error: invalid use of incomplete typedef ‘List’
   26 |   return L->data[L->current];
      |           ^~
arraylist.c:26:19: error: invalid use of incomplete typedef ‘List’
   26 |   return L->data[L->current];
      |                   ^~
arraylist.c: In function ‘next’:
arraylist.c:30:7: error: invalid use of incomplete typedef ‘List’
   30 |   if(L->current < L->size - 1) {
      |       ^~
arraylist.c:30:20: error: invalid use of incomplete typedef ‘List’
   30 |   if(L->current < L->size - 1) {
      |                    ^~
arraylist.c:31:6: error: invalid use of incomplete typedef ‘List’
   31 |     L->current++;
      |      ^~
arraylist.c:32:13: error: invalid use of incomplete typedef ‘List’
   32 |     return L->data[L->current];
      |             ^~
arraylist.c:32:21: error: invalid use of incomplete typedef ‘List’
   32 |     return L->data[L->current];
      |                     ^~
arraylist.c: In function ‘pushFront’:
arraylist.c:38:7: error: invalid use of incomplete typedef ‘List’
   38 |   if(L->size == 0) {
      |       ^~
arraylist.c:39:6: error: invalid use of incomplete typedef ‘List’
   39 |     L->data[0] = dato;
      |      ^~
arraylist.c:40:6: error: invalid use of incomplete typedef ‘List’
   40 |     L->size++;
      |      ^~
arraylist.c:43:16: error: invalid use of incomplete typedef ‘List’
   43 |   for(int i = L->size; i > 0; i--) {
      |                ^~
arraylist.c:44:6: error: invalid use of incomplete typedef ‘List’
   44 |     L->data[i] = L->data[i - 1];
      |      ^~
arraylist.c:44:19: error: invalid use of incomplete typedef ‘List’
   44 |     L->data[i] = L->data[i - 1];
      |                   ^~
arraylist.c:46:4: error: invalid use of incomplete typedef ‘List’
   46 |   L->data[0] = dato;
      |    ^~
arraylist.c:47:4: error: invalid use of incomplete typedef ‘List’
   47 |   L->size++;
      |    ^~
arraylist.c: In function ‘pushBack’:
arraylist.c:51:4: error: invalid use of incomplete typedef ‘List’
   51 |   L->data[L->size] = dato;
      |    ^~
arraylist.c:51:12: error: invalid use of incomplete typedef ‘List’
   51 |   L->data[L->size] = dato;
      |            ^~
arraylist.c:52:4: error: invalid use of incomplete typedef ‘List’
   52 |   L->size++;
      |    ^~
arraylist.c: In function ‘pushCurrent’:
arraylist.c:56:7: error: invalid use of incomplete typedef ‘List’
   56 |   if(L->size == 0) {
      |       ^~
arraylist.c:57:6: error: invalid use of incomplete typedef ‘List’
   57 |     L->data[0] = dato;
      |      ^~
arraylist.c:58:6: error: invalid use of incomplete typedef ‘List’
   58 |     L->size++;
      |      ^~
arraylist.c:61:16: error: invalid use of incomplete typedef ‘List’
   61 |   for(int i = L->size; i > L->current; i--) {
      |                ^~
arraylist.c:61:29: error: invalid use of incomplete typedef ‘List’
   61 |   for(int i = L->size; i > L->current; i--) {
      |                             ^~
arraylist.c:62:6: error: invalid use of incomplete typedef ‘List’
   62 |     L->data[i] = L->data[i - 1];
      |      ^~
arraylist.c:62:19: error: invalid use of incomplete typedef ‘List’
   62 |     L->data[i] = L->data[i - 1];
      |                   ^~
arraylist.c:64:4: error: invalid use of incomplete typedef ‘List’
   64 |   L->data[L->current + 1] = dato;
      |    ^~
arraylist.c:64:12: error: invalid use of incomplete typedef ‘List’
   64 |   L->data[L->current + 1] = dato;
      |            ^~
arraylist.c:65:4: error: invalid use of incomplete typedef ‘List’
   65 |   L->size++;
      |    ^~
arraylist.c: In function ‘popFront’:
arraylist.c:69:7: error: invalid use of incomplete typedef ‘List’
   69 |   if(L->size == 0) {
      |       ^~
arraylist.c:72:17: error: invalid use of incomplete typedef ‘List’
   72 |   void* dato = L->data[0];
      |                 ^~
arraylist.c:73:23: error: invalid use of incomplete typedef ‘List’
   73 |   for(int i = 0; i < L->size - 1; i++) {
      |                       ^~
arraylist.c:74:6: error: invalid use of incomplete typedef ‘List’
   74 |     L->data[i] = L->data[i + 1];
      |      ^~
arraylist.c:74:19: error: invalid use of incomplete typedef ‘List’
   74 |     L->data[i] = L->data[i + 1];
      |                   ^~
arraylist.c:76:4: error: invalid use of incomplete typedef ‘List’
   76 |   L->size--;
      |    ^~
arraylist.c: In function ‘popBack’:
arraylist.c:81:7: error: invalid use of incomplete typedef ‘List’
   81 |   if(L->size == 0) {
      |       ^~
arraylist.c:84:17: error: invalid use of incomplete typedef ‘List’
   84 |   void* dato = L->data[L->size - 1];
      |                 ^~
arraylist.c:84:25: error: invalid use of incomplete typedef ‘List’
   84 |   void* dato = L->data[L->size - 1];
      |                         ^~
arraylist.c:85:4: error: invalid use of incomplete typedef ‘List’
   85 |   L->size--;
      |    ^~
arraylist.c: In function ‘popCurrent’:
arraylist.c:90:7: error: invalid use of incomplete typedef ‘List’
   90 |   if(L->size == 0) {
      |       ^~
arraylist.c:93:17: error: invalid use of incomplete typedef ‘List’
   93 |   void* dato = L->data[L->current];
      |                 ^~
arraylist.c:93:25: error: invalid use of incomplete typedef ‘List’
   93 |   void* dato = L->data[L->current];
      |                         ^~
arraylist.c:94:16: error: invalid use of incomplete typedef ‘List’
   94 |   for(int i = L->current; i < L->size - 1; i++) {
      |                ^~
arraylist.c:94:32: error: invalid use of incomplete typedef ‘List’
   94 |   for(int i = L->current; i < L->size - 1; i++) {
      |                                ^~
arraylist.c:95:6: error: invalid use of incomplete typedef ‘List’
   95 |     L->data[i] = L->data[i + 1];
      |      ^~
arraylist.c:95:19: error: invalid use of incomplete typedef ‘List’
   95 |     L->data[i] = L->data[i + 1];
      |                   ^~
arraylist.c:97:4: error: invalid use of incomplete typedef ‘List’
   97 |   L->size--;
      |    ^~
arraylist.c:98:4: error: invalid use of incomplete typedef ‘List’
   98 |   L->current--;
      |    ^~
arraylist.c: In function ‘get_size’:
arraylist.c:103:11: error: invalid use of incomplete typedef ‘List’
  103 |   return L->size;
      |           ^~
test.c: In function ‘eliminaElementos’:
test.c:253:5: error: ‘main’ is normally a non-static function [-Werror=main]
  253 | int main( int argc, char *argv[] ) {
      |     ^~~~
test.c:271:1: error: expected declaration or statement at end of input
  271 | }
      | ^
In file included from test.c:6:
arraylist.c: In function ‘first’:
arraylist.c:27:1: error: control reaches end of non-void function [-Werror=return-type]
   27 | }
      | ^
At top level:
test.c:253:5: error: ‘main’ defined but not used [-Werror=unused-function]
  253 | int main( int argc, char *argv[] ) {
      |     ^~~~
test.c:37:6: error: ‘info_msg’ defined but not used [-Werror=unused-function]
   37 | void info_msg(char* msg){
      |      ^~~~~~~~
In file included from test.c:6:
arraylist.c:102:5: error: ‘get_size’ defined but not used [-Werror=unused-function]
  102 | int get_size(List *L) {
      |     ^~~~~~~~
arraylist.c:89:7: error: ‘popCurrent’ defined but not used [-Werror=unused-function]
   89 | void* popCurrent(List *L) {
      |       ^~~~~~~~~~
arraylist.c:80:7: error: ‘popBack’ defined but not used [-Werror=unused-function]
   80 | void* popBack(List *L) {
      |       ^~~~~~~
arraylist.c:68:7: error: ‘popFront’ defined but not used [-Werror=unused-function]
   68 | void* popFront(List *L) {
      |       ^~~~~~~~
arraylist.c:55:6: error: ‘pushCurrent’ defined but not used [-Werror=unused-function]
   55 | void pushCurrent(List *L, void *dato) {
      |      ^~~~~~~~~~~
arraylist.c:37:6: error: ‘pushFront’ defined but not used [-Werror=unused-function]
   37 | void pushFront(List *L, void *dato) {
      |      ^~~~~~~~~
cc1: all warnings being treated as errors
Compilation failed
ad4c525
Wed 20 Mar 2024 09:02:32 PM UTC: 
 exercises.c | 7 ++++++-
 1 file changed, 6 insertions(+), 1 deletion(-)
In file included from test.c:5:
exercises.c: In function ‘copia_pila’:
exercises.c:108:10: error: unused variable ‘Paux’ [-Werror=unused-variable]
  108 |   Stack* Paux = create_stack();
      |          ^~~~
cc1: all warnings being treated as errors
Compilation failed
36b9a26
Wed 20 Mar 2024 09:04:11 PM UTC: 
 exercises.c | 3 +--
 1 file changed, 1 insertion(+), 2 deletions(-)
 tests:  0|0
dacbddf
Wed 20 Mar 2024 09:04:57 PM UTC: 
 exercises.c | 6 +++---
 1 file changed, 3 insertions(+), 3 deletions(-)
 tests:  0|0
4a35fca
Wed 20 Mar 2024 09:07:45 PM UTC: 
 exercises.c | 15 ++++++++-------
 1 file changed, 8 insertions(+), 7 deletions(-)
 tests:  3|2
total_score: 40/70
0f62406
Wed 20 Mar 2024 09:11:55 PM UTC: 
 exercises.c | 5 ++---
 1 file changed, 2 insertions(+), 3 deletions(-)
 tests:  3|2
total_score: 40/70
daee7b0
Thu 21 Mar 2024 01:37:18 PM UTC: 
 exercises.c | 7 +++++++
 1 file changed, 7 insertions(+)
 tests:  3|2
total_score: 40/70
8afad41
Thu 21 Mar 2024 01:37:38 PM UTC: 
 exercises.c | 2 +-
 1 file changed, 1 insertion(+), 1 deletion(-)
 tests:  3|2
total_score: 40/70
8956333
Thu 21 Mar 2024 01:38:33 PM UTC: 
 exercises.c | 2 +-
 1 file changed, 1 insertion(+), 1 deletion(-)
 tests:  3|2
total_score: 40/70
a9ed0c3
Thu 21 Mar 2024 01:43:52 PM UTC: 
 exercises.c | 11 +++++++----
 1 file changed, 7 insertions(+), 4 deletions(-)
 tests:  3|2
total_score: 40/70
205be18
Thu 21 Mar 2024 01:44:29 PM UTC: 
 exercises.c | 6 +-----
 1 file changed, 1 insertion(+), 5 deletions(-)
 tests:  3|2
total_score: 40/70
487f790
Thu 21 Mar 2024 01:50:28 PM UTC: 
 exercises.c | 7 ++++++-
 1 file changed, 6 insertions(+), 1 deletion(-)
 tests:  3|2
total_score: 40/70
1b111e5
Thu 21 Mar 2024 01:51:58 PM UTC: 
 exercises.c | 11 +++++------
 1 file changed, 5 insertions(+), 6 deletions(-)
In file included from test.c:5:
exercises.c: In function ‘copia_pila’:
exercises.c:106:8: error: unused variable ‘dato’ [-Werror=unused-variable]
  106 |   int *dato = (int*) pop(P1);
      |        ^~~~
cc1: all warnings being treated as errors
Compilation failed
56bcd33
Thu 21 Mar 2024 01:52:18 PM UTC: 
 exercises.c | 1 -
 1 file changed, 1 deletion(-)
 tests:  3|2
total_score: 40/70
146750b
Fri 22 Mar 2024 10:28:47 PM UTC: 
 exercises.c | 13 +++++++------
 1 file changed, 7 insertions(+), 6 deletions(-)
In file included from test.c:5:
exercises.c: In function ‘copia_pila’:
exercises.c:108:5: error: too few arguments to function ‘push’
  108 |     push(PN);
      |     ^~~~
In file included from exercises.c:7,
                 from test.c:5:
stack.h:11:6: note: declared here
   11 | void push(Stack *stack, void *data) { pushFront(stack, data); }
      |      ^~~~
In file included from test.c:5:
exercises.c:113:5: error: too few arguments to function ‘push’
  113 |     push(P1);
      |     ^~~~
In file included from exercises.c:7,
                 from test.c:5:
stack.h:11:6: note: declared here
   11 | void push(Stack *stack, void *data) { pushFront(stack, data); }
      |      ^~~~
In file included from test.c:5:
exercises.c:114:5: error: too few arguments to function ‘push’
  114 |     push(P2);
      |     ^~~~
In file included from exercises.c:7,
                 from test.c:5:
stack.h:11:6: note: declared here
   11 | void push(Stack *stack, void *data) { pushFront(stack, data); }
      |      ^~~~
Compilation failed
28e6c3b
Fri 22 Mar 2024 10:34:41 PM UTC: 
 exercises.c | 10 +++++-----
 1 file changed, 5 insertions(+), 5 deletions(-)
 tests:  4|1
total_score: 50/70
d154bcc
Sat 23 Mar 2024 03:29:09 PM UTC: 
 exercises.c | 14 ++++++++++++++
 1 file changed, 14 insertions(+)
In file included from test.c:5:
exercises.c: In function ‘parentesisBalanceados’:
exercises.c:128:14: error: implicit declaration of function ‘create_Stack’; did you mean ‘create_stack’? [-Werror=implicit-function-declaration]
  128 |   Stack *P = create_Stack();
      |              ^~~~~~~~~~~~
      |              create_stack
exercises.c:128:14: error: initialization of ‘Stack *’ {aka ‘List *’} from ‘int’ makes pointer from integer without a cast [-Werror=int-conversion]
exercises.c:131:18: error: comparison between pointer and integer [-Werror]
  131 |     if(cadena[0] == "(")
      |                  ^~
exercises.c:131:18: error: comparison with string literal results in unspecified behavior [-Werror=address]
exercises.c:132:20: error: passing argument 2 of ‘push’ makes pointer from integer without a cast [-Werror=int-conversion]
  132 |       push(P,cadena[0]);
      |              ~~~~~~^~~
      |                    |
      |                    char
In file included from exercises.c:7,
                 from test.c:5:
stack.h:11:31: note: expected ‘void *’ but argument is of type ‘char’
   11 | void push(Stack *stack, void *data) { pushFront(stack, data); }
      |                         ~~~~~~^~~~
In file included from test.c:5:
exercises.c:133:23: error: comparison between pointer and integer [-Werror]
  133 |     else if(cadena[0] == ")")
      |                       ^~
exercises.c:133:23: error: comparison with string literal results in unspecified behavior [-Werror=address]
exercises.c:134:20: error: passing argument 2 of ‘push’ makes pointer from integer without a cast [-Werror=int-conversion]
  134 |       push(P,cadena[0]);
      |              ~~~~~~^~~
      |                    |
      |                    char
In file included from exercises.c:7,
                 from test.c:5:
stack.h:11:31: note: expected ‘void *’ but argument is of type ‘char’
   11 | void push(Stack *stack, void *data) { pushFront(stack, data); }
      |                         ~~~~~~^~~~
In file included from test.c:5:
exercises.c:136:22: error: initialization of ‘char’ from ‘void *’ makes integer from pointer without a cast [-Werror=int-conversion]
  136 |     char ultimopar = top(P);
      |                      ^~~
exercises.c:138:18: error: comparison between pointer and integer [-Werror]
  138 |     if(cadena[0] == ")" && ultimopar == "(")
      |                  ^~
exercises.c:138:18: error: comparison with string literal results in unspecified behavior [-Werror=address]
exercises.c:138:38: error: comparison between pointer and integer [-Werror]
  138 |     if(cadena[0] == ")" && ultimopar == "(")
      |                                      ^~
exercises.c:138:38: error: comparison with string literal results in unspecified behavior [-Werror=address]
cc1: all warnings being treated as errors
Compilation failed
ade23b1
Sat 23 Mar 2024 03:29:41 PM UTC: 
 exercises.c | 12 ++++++------
 1 file changed, 6 insertions(+), 6 deletions(-)
In file included from test.c:5:
exercises.c: In function ‘parentesisBalanceados’:
exercises.c:128:14: error: implicit declaration of function ‘create_Stack’; did you mean ‘create_stack’? [-Werror=implicit-function-declaration]
  128 |   Stack *P = create_Stack();
      |              ^~~~~~~~~~~~
      |              create_stack
exercises.c:128:14: error: initialization of ‘Stack *’ {aka ‘List *’} from ‘int’ makes pointer from integer without a cast [-Werror=int-conversion]
exercises.c:129:16: error: comparison between pointer and zero character constant [-Werror=pointer-compare]
  129 |   while(cadena != '\0')
      |                ^~
exercises.c:129:9: note: did you mean to dereference the pointer?
  129 |   while(cadena != '\0')
      |         ^
exercises.c:131:15: error: comparison with string literal results in unspecified behavior [-Werror=address]
  131 |     if(cadena == "(")
      |               ^~
exercises.c:133:20: error: comparison with string literal results in unspecified behavior [-Werror=address]
  133 |     else if(cadena == ")")
      |                    ^~
exercises.c:136:22: error: initialization of ‘char’ from ‘void *’ makes integer from pointer without a cast [-Werror=int-conversion]
  136 |     char ultimopar = top(P);
      |                      ^~~
exercises.c:138:15: error: comparison with string literal results in unspecified behavior [-Werror=address]
  138 |     if(cadena == ")" && ultimopar == "(")
      |               ^~
exercises.c:138:35: error: comparison between pointer and integer [-Werror]
  138 |     if(cadena == ")" && ultimopar == "(")
      |                                   ^~
exercises.c:138:35: error: comparison with string literal results in unspecified behavior [-Werror=address]
cc1: all warnings being treated as errors
Compilation failed
8b84bf1
Sat 23 Mar 2024 03:38:35 PM UTC: 
 exercises.c | 17 ++++++++++-------
 1 file changed, 10 insertions(+), 7 deletions(-)
In file included from test.c:5:
exercises.c: In function ‘parentesisBalanceados’:
exercises.c:128:14: error: implicit declaration of function ‘create_Stack’; did you mean ‘create_stack’? [-Werror=implicit-function-declaration]
  128 |   Stack *P = create_Stack();
      |              ^~~~~~~~~~~~
      |              create_stack
exercises.c:128:14: error: initialization of ‘Stack *’ {aka ‘List *’} from ‘int’ makes pointer from integer without a cast [-Werror=int-conversion]
exercises.c:132:18: error: comparison between pointer and integer [-Werror]
  132 |     if(cadena[i] == "(")
      |                  ^~
exercises.c:132:18: error: comparison with string literal results in unspecified behavior [-Werror=address]
exercises.c:133:20: error: passing argument 2 of ‘push’ makes pointer from integer without a cast [-Werror=int-conversion]
  133 |       push(P,cadena[i]);
      |              ~~~~~~^~~
      |                    |
      |                    char
In file included from exercises.c:7,
                 from test.c:5:
stack.h:11:31: note: expected ‘void *’ but argument is of type ‘char’
   11 | void push(Stack *stack, void *data) { pushFront(stack, data); }
      |                         ~~~~~~^~~~
In file included from test.c:5:
exercises.c:134:23: error: comparison between pointer and integer [-Werror]
  134 |     else if(cadena[i] == ")")
      |                       ^~
exercises.c:134:23: error: comparison with string literal results in unspecified behavior [-Werror=address]
exercises.c:135:20: error: passing argument 2 of ‘push’ makes pointer from integer without a cast [-Werror=int-conversion]
  135 |       push(P,cadena[i]);
      |              ~~~~~~^~~
      |                    |
      |                    char
In file included from exercises.c:7,
                 from test.c:5:
stack.h:11:31: note: expected ‘void *’ but argument is of type ‘char’
   11 | void push(Stack *stack, void *data) { pushFront(stack, data); }
      |                         ~~~~~~^~~~
In file included from test.c:5:
exercises.c:137:22: error: initialization of ‘char’ from ‘void *’ makes integer from pointer without a cast [-Werror=int-conversion]
  137 |     char ultimopar = top(P);
      |                      ^~~
exercises.c:140:18: error: comparison between pointer and integer [-Werror]
  140 |     if(cadena[i] == ")" && ultimopar == "(")
      |                  ^~
exercises.c:140:18: error: comparison with string literal results in unspecified behavior [-Werror=address]
exercises.c:140:38: error: comparison between pointer and integer [-Werror]
  140 |     if(cadena[i] == ")" && ultimopar == "(")
      |                                      ^~
exercises.c:140:38: error: comparison with string literal results in unspecified behavior [-Werror=address]
cc1: all warnings being treated as errors
Compilation failed
74206ed
Sat 23 Mar 2024 08:47:27 PM UTC: 
 exercises.c | 22 ++++++++++++++--------
 1 file changed, 14 insertions(+), 8 deletions(-)
In file included from test.c:5:
exercises.c: In function ‘parentesisBalanceados’:
exercises.c:146:25: error: suggest parentheses around ‘&&’ within ‘||’ [-Werror=parentheses]
  146 |     if(cadena[i] == ')' && *ultimoPar == '(' || cadena[i] == '}' && *ultimoPar == '{' || cadena[i] == ']' && *ultimoPar == '[')
      |        ~~~~~~~~~~~~~~~~~^~~~~~~~~~~~~~~~~~~~
exercises.c:146:107: error: suggest parentheses around ‘&&’ within ‘||’ [-Werror=parentheses]
  146 |     if(cadena[i] == ')' && *ultimoPar == '(' || cadena[i] == '}' && *ultimoPar == '{' || cadena[i] == ']' && *ultimoPar == '[')
      |                                                                                          ~~~~~~~~~~~~~~~~~^~~~~~~~~~~~~~~~~~~~
cc1: all warnings being treated as errors
Compilation failed
3132c84
Sat 23 Mar 2024 08:58:45 PM UTC: 
 exercises.c | 2 +-
 1 file changed, 1 insertion(+), 1 deletion(-)
In file included from test.c:5:
exercises.c: In function ‘parentesisBalanceados’:
exercises.c:146:30: error: ‘ultimoPa’ undeclared (first use in this function); did you mean ‘ultimoPar’?
  146 |     if((cadena[i] == ')' && *ultimoPa == '(') || (cadena[i] == '}' && *ultimoPar == '{') || (cadena[i] == ']' && *ultimoPar == '['))
      |                              ^~~~~~~~
      |                              ultimoPar
exercises.c:146:30: note: each undeclared identifier is reported only once for each function it appears in
Compilation failed
d804753
Sat 23 Mar 2024 08:59:16 PM UTC: 
 exercises.c | 2 +-
 1 file changed, 1 insertion(+), 1 deletion(-)
 tests:  4|1
total_score: 50/70
aceaefd
Sat 23 Mar 2024 09:02:53 PM UTC: 
 exercises.c | 4 ++--
 1 file changed, 2 insertions(+), 2 deletions(-)
 tests:  5|1
total_score: 50/70
ac26013
Sat 23 Mar 2024 09:03:09 PM UTC: 
 exercises.c | 4 ++--
 1 file changed, 2 insertions(+), 2 deletions(-)
 tests:  4|1
total_score: 50/70
c82700f
Sat 23 Mar 2024 09:03:58 PM UTC: 
 exercises.c | 4 ++--
 1 file changed, 2 insertions(+), 2 deletions(-)
 tests:  5|1
total_score: 50/70
30b9d0d
Sat 23 Mar 2024 09:08:11 PM UTC: 
 exercises.c | 4 ++--
 1 file changed, 2 insertions(+), 2 deletions(-)
 tests:  4|1
total_score: 50/70
0a6390b
Sat 23 Mar 2024 09:17:08 PM UTC: 
 exercises.c | 4 ++--
 1 file changed, 2 insertions(+), 2 deletions(-)
 tests:  5|1
total_score: 50/70
5bed6d6
Sat 23 Mar 2024 09:42:14 PM UTC: 
 exercises.c | 6 +-----
 1 file changed, 1 insertion(+), 5 deletions(-)
In file included from test.c:5:
exercises.c: In function ‘parentesisBalanceados’:
exercises.c:137:5: error: this ‘if’ clause does not guard... [-Werror=misleading-indentation]
  137 |     if(cadena[i] == '(' || cadena[i] == '{' || cadena[i] == '[')
      |     ^~
exercises.c:139:7: note: ...this statement, but the latter is misleadingly indented as if it were guarded by the ‘if’
  139 |       char *ultimoPar = (char*) top(caracter);
      |       ^~~~
exercises.c:142:5: error: ‘else’ without a previous ‘if’
  142 |     else if((cadena[i] == ')' && *ultimoPar == '(') || (cadena[i] == '}' && *ultimoPar == '{') || (cadena[i] == ']' && *ultimoPar == '['))
      |     ^~~~
In file included from test.c:5:
exercises.c: At top level:
exercises.c:147:3: error: expected identifier or ‘(’ before ‘return’
  147 |   return 0;
      |   ^~~~~~
exercises.c:148:1: error: expected identifier or ‘(’ before ‘}’ token
  148 | }
      | ^
exercises.c: In function ‘parentesisBalanceados’:
exercises.c:146:3: error: control reaches end of non-void function [-Werror=return-type]
  146 |   }
      |   ^
cc1: all warnings being treated as errors
Compilation failed
d2cec46
Sat 23 Mar 2024 09:42:38 PM UTC: 
 exercises.c | 2 +-
 1 file changed, 1 insertion(+), 1 deletion(-)
In file included from test.c:5:
exercises.c: In function ‘parentesisBalanceados’:
exercises.c:137:5: error: this ‘if’ clause does not guard... [-Werror=misleading-indentation]
  137 |     if(cadena[i] == '(' || cadena[i] == '{' || cadena[i] == '[')
      |     ^~
exercises.c:139:7: note: ...this statement, but the latter is misleadingly indented as if it were guarded by the ‘if’
  139 |       char *ultimoPar = (char*) top(caracter);
      |       ^~~~
exercises.c:142:5: error: ‘else’ without a previous ‘if’
  142 |     else if((cadena[i] == ')' && *ultimoPar == '(') || (cadena[i] == '}' && *ultimoPar == '{') || (cadena[i] == ']' && *ultimoPar == '['))
      |     ^~~~
cc1: all warnings being treated as errors
Compilation failed
f52ce3a
